<?xml version="1.0" encoding="UTF-8"?>
<testsuite xmlns:xsi="http://www.w3.org/2001/XMLSchema-instance" xsi:noNamespaceSchemaLocation="https://maven.apache.org/surefire/maven-surefire-plugin/xsd/surefire-test-report-3.0.xsd" version="3.0" name="TestSuite" time="7.146" tests="4" errors="0" skipped="0" failures="0">
  <properties>
    <property name="java.specification.version" value="17"/>
    <property name="sun.cpu.isalist" value="amd64"/>
    <property name="sun.jnu.encoding" value="Cp1252"/>
    <property name="java.class.path" value="C:\Users\12363\eclipse-workspace\HEROKUAPP\target\test-classes;C:\Users\12363\eclipse-workspace\HEROKUAPP\target\classes;C:\Users\12363\.m2\repository\org\testng\testng\7.4.0\testng-7.4.0.jar;C:\Users\12363\.m2\repository\com\beust\jcommander\1.78\jcommander-1.78.jar;C:\Users\12363\.m2\repository\org\webjars\jquery\3.5.1\jquery-3.5.1.jar;C:\Users\12363\.m2\repository\org\slf4j\slf4j-log4j12\2.0.0-alpha0\slf4j-log4j12-2.0.0-alpha0.jar;C:\Users\12363\.m2\repository\log4j\log4j\1.2.17\log4j-1.2.17.jar;C:\Users\12363\.m2\repository\dom4j\dom4j\1.6.1\dom4j-1.6.1.jar;C:\Users\12363\.m2\repository\xml-apis\xml-apis\1.0.b2\xml-apis-1.0.b2.jar;C:\Users\12363\.m2\repository\org\projectlombok\lombok\1.18.22\lombok-1.18.22.jar;C:\Users\12363\.m2\repository\org\apache\logging\log4j\log4j-core\2.20.0\log4j-core-2.20.0.jar;C:\Users\12363\.m2\repository\org\apache\logging\log4j\log4j-api\2.20.0\log4j-api-2.20.0.jar;C:\Users\12363\.m2\repository\net\datafaker\datafaker\2.0.0\datafaker-2.0.0.jar;C:\Users\12363\.m2\repository\org\yaml\snakeyaml\2.0\snakeyaml-2.0.jar;C:\Users\12363\.m2\repository\com\github\mifmif\generex\1.0.2\generex-1.0.2.jar;C:\Users\12363\.m2\repository\dk\brics\automaton\automaton\1.11-8\automaton-1.11-8.jar;C:\Users\12363\.m2\repository\org\slf4j\slf4j-api\2.0.7\slf4j-api-2.0.7.jar;C:\Users\12363\.m2\repository\org\slf4j\slf4j-simple\2.0.7\slf4j-simple-2.0.7.jar;C:\Users\12363\.m2\repository\io\rest-assured\rest-assured\5.3.0\rest-assured-5.3.0.jar;C:\Users\12363\.m2\repository\org\apache\groovy\groovy\4.0.6\groovy-4.0.6.jar;C:\Users\12363\.m2\repository\org\apache\groovy\groovy-xml\4.0.6\groovy-xml-4.0.6.jar;C:\Users\12363\.m2\repository\org\apache\httpcomponents\httpclient\4.5.13\httpclient-4.5.13.jar;C:\Users\12363\.m2\repository\org\apache\httpcomponents\httpcore\4.4.13\httpcore-4.4.13.jar;C:\Users\12363\.m2\repository\commons-logging\commons-logging\1.2\commons-logging-1.2.jar;C:\Users\12363\.m2\repository\commons-codec\commons-codec\1.11\commons-codec-1.11.jar;C:\Users\12363\.m2\repository\org\apache\httpcomponents\httpmime\4.5.13\httpmime-4.5.13.jar;C:\Users\12363\.m2\repository\org\hamcrest\hamcrest\2.1\hamcrest-2.1.jar;C:\Users\12363\.m2\repository\org\ccil\cowan\tagsoup\tagsoup\1.2.1\tagsoup-1.2.1.jar;C:\Users\12363\.m2\repository\io\rest-assured\json-path\5.3.0\json-path-5.3.0.jar;C:\Users\12363\.m2\repository\org\apache\groovy\groovy-json\4.0.6\groovy-json-4.0.6.jar;C:\Users\12363\.m2\repository\io\rest-assured\rest-assured-common\5.3.0\rest-assured-common-5.3.0.jar;C:\Users\12363\.m2\repository\io\rest-assured\xml-path\5.3.0\xml-path-5.3.0.jar;C:\Users\12363\.m2\repository\org\apache\commons\commons-lang3\3.11\commons-lang3-3.11.jar;C:\Users\12363\.m2\repository\com\aventstack\extentreports\5.0.9\extentreports-5.0.9.jar;C:\Users\12363\.m2\repository\io\reactivex\rxjava3\rxjava\3.0.4\rxjava-3.0.4.jar;C:\Users\12363\.m2\repository\org\reactivestreams\reactive-streams\1.0.3\reactive-streams-1.0.3.jar;C:\Users\12363\.m2\repository\org\freemarker\freemarker\2.3.30\freemarker-2.3.30.jar;C:\Users\12363\.m2\repository\com\google\code\gson\gson\2.8.6\gson-2.8.6.jar;C:\Users\12363\.m2\repository\com\fasterxml\jackson\core\jackson-databind\2.15.0\jackson-databind-2.15.0.jar;C:\Users\12363\.m2\repository\com\fasterxml\jackson\core\jackson-annotations\2.15.0\jackson-annotations-2.15.0.jar;C:\Users\12363\.m2\repository\com\fasterxml\jackson\core\jackson-core\2.15.0\jackson-core-2.15.0.jar;"/>
    <property name="java.vm.vendor" value="Oracle Corporation"/>
    <property name="sun.arch.data.model" value="64"/>
    <property name="user.variant" value=""/>
    <property name="java.vendor.url" value="https://java.oracle.com/"/>
    <property name="user.timezone" value="America/Vancouver"/>
    <property name="os.name" value="Windows 11"/>
    <property name="java.vm.specification.version" value="17"/>
    <property name="sun.java.launcher" value="SUN_STANDARD"/>
    <property name="user.country" value="CA"/>
    <property name="sun.boot.library.path" value="C:\Program Files\Java\jdk-17\bin"/>
    <property name="sun.java.command" value="C:\Users\12363\AppData\Local\Temp\surefire17048501827353821775\surefirebooter-20230717210949559_3.jar C:\Users\12363\AppData\Local\Temp\surefire17048501827353821775 2023-07-17T21-09-49_107-jvmRun1 surefire-20230717210949559_1tmp surefire_0-20230717210949559_2tmp"/>
    <property name="jdk.debug" value="release"/>
    <property name="surefire.test.class.path" value="C:\Users\12363\eclipse-workspace\HEROKUAPP\target\test-classes;C:\Users\12363\eclipse-workspace\HEROKUAPP\target\classes;C:\Users\12363\.m2\repository\org\testng\testng\7.4.0\testng-7.4.0.jar;C:\Users\12363\.m2\repository\com\beust\jcommander\1.78\jcommander-1.78.jar;C:\Users\12363\.m2\repository\org\webjars\jquery\3.5.1\jquery-3.5.1.jar;C:\Users\12363\.m2\repository\org\slf4j\slf4j-log4j12\2.0.0-alpha0\slf4j-log4j12-2.0.0-alpha0.jar;C:\Users\12363\.m2\repository\log4j\log4j\1.2.17\log4j-1.2.17.jar;C:\Users\12363\.m2\repository\dom4j\dom4j\1.6.1\dom4j-1.6.1.jar;C:\Users\12363\.m2\repository\xml-apis\xml-apis\1.0.b2\xml-apis-1.0.b2.jar;C:\Users\12363\.m2\repository\org\projectlombok\lombok\1.18.22\lombok-1.18.22.jar;C:\Users\12363\.m2\repository\org\apache\logging\log4j\log4j-core\2.20.0\log4j-core-2.20.0.jar;C:\Users\12363\.m2\repository\org\apache\logging\log4j\log4j-api\2.20.0\log4j-api-2.20.0.jar;C:\Users\12363\.m2\repository\net\datafaker\datafaker\2.0.0\datafaker-2.0.0.jar;C:\Users\12363\.m2\repository\org\yaml\snakeyaml\2.0\snakeyaml-2.0.jar;C:\Users\12363\.m2\repository\com\github\mifmif\generex\1.0.2\generex-1.0.2.jar;C:\Users\12363\.m2\repository\dk\brics\automaton\automaton\1.11-8\automaton-1.11-8.jar;C:\Users\12363\.m2\repository\org\slf4j\slf4j-api\2.0.7\slf4j-api-2.0.7.jar;C:\Users\12363\.m2\repository\org\slf4j\slf4j-simple\2.0.7\slf4j-simple-2.0.7.jar;C:\Users\12363\.m2\repository\io\rest-assured\rest-assured\5.3.0\rest-assured-5.3.0.jar;C:\Users\12363\.m2\repository\org\apache\groovy\groovy\4.0.6\groovy-4.0.6.jar;C:\Users\12363\.m2\repository\org\apache\groovy\groovy-xml\4.0.6\groovy-xml-4.0.6.jar;C:\Users\12363\.m2\repository\org\apache\httpcomponents\httpclient\4.5.13\httpclient-4.5.13.jar;C:\Users\12363\.m2\repository\org\apache\httpcomponents\httpcore\4.4.13\httpcore-4.4.13.jar;C:\Users\12363\.m2\repository\commons-logging\commons-logging\1.2\commons-logging-1.2.jar;C:\Users\12363\.m2\repository\commons-codec\commons-codec\1.11\commons-codec-1.11.jar;C:\Users\12363\.m2\repository\org\apache\httpcomponents\httpmime\4.5.13\httpmime-4.5.13.jar;C:\Users\12363\.m2\repository\org\hamcrest\hamcrest\2.1\hamcrest-2.1.jar;C:\Users\12363\.m2\repository\org\ccil\cowan\tagsoup\tagsoup\1.2.1\tagsoup-1.2.1.jar;C:\Users\12363\.m2\repository\io\rest-assured\json-path\5.3.0\json-path-5.3.0.jar;C:\Users\12363\.m2\repository\org\apache\groovy\groovy-json\4.0.6\groovy-json-4.0.6.jar;C:\Users\12363\.m2\repository\io\rest-assured\rest-assured-common\5.3.0\rest-assured-common-5.3.0.jar;C:\Users\12363\.m2\repository\io\rest-assured\xml-path\5.3.0\xml-path-5.3.0.jar;C:\Users\12363\.m2\repository\org\apache\commons\commons-lang3\3.11\commons-lang3-3.11.jar;C:\Users\12363\.m2\repository\com\aventstack\extentreports\5.0.9\extentreports-5.0.9.jar;C:\Users\12363\.m2\repository\io\reactivex\rxjava3\rxjava\3.0.4\rxjava-3.0.4.jar;C:\Users\12363\.m2\repository\org\reactivestreams\reactive-streams\1.0.3\reactive-streams-1.0.3.jar;C:\Users\12363\.m2\repository\org\freemarker\freemarker\2.3.30\freemarker-2.3.30.jar;C:\Users\12363\.m2\repository\com\google\code\gson\gson\2.8.6\gson-2.8.6.jar;C:\Users\12363\.m2\repository\com\fasterxml\jackson\core\jackson-databind\2.15.0\jackson-databind-2.15.0.jar;C:\Users\12363\.m2\repository\com\fasterxml\jackson\core\jackson-annotations\2.15.0\jackson-annotations-2.15.0.jar;C:\Users\12363\.m2\repository\com\fasterxml\jackson\core\jackson-core\2.15.0\jackson-core-2.15.0.jar;"/>
    <property name="sun.cpu.endian" value="little"/>
    <property name="user.home" value="C:\Users\12363"/>
    <property name="user.language" value="en"/>
    <property name="java.specification.vendor" value="Oracle Corporation"/>
    <property name="java.version.date" value="2023-01-17"/>
    <property name="java.home" value="C:\Program Files\Java\jdk-17"/>
    <property name="file.separator" value="\"/>
    <property name="basedir" value="C:\Users\12363\eclipse-workspace\HEROKUAPP"/>
    <property name="java.vm.compressedOopsMode" value="Zero based"/>
    <property name="line.separator" value="&#10;"/>
    <property name="java.vm.specification.vendor" value="Oracle Corporation"/>
    <property name="java.specification.name" value="Java Platform API Specification"/>
    <property name="surefire.real.class.path" value="C:\Users\12363\AppData\Local\Temp\surefire17048501827353821775\surefirebooter-20230717210949559_3.jar"/>
    <property name="user.script" value=""/>
    <property name="sun.management.compiler" value="HotSpot 64-Bit Tiered Compilers"/>
    <property name="java.runtime.version" value="17.0.6+9-LTS-190"/>
    <property name="user.name" value="12363"/>
    <property name="path.separator" value=";"/>
    <property name="os.version" value="10.0"/>
    <property name="java.runtime.name" value="Java(TM) SE Runtime Environment"/>
    <property name="file.encoding" value="Cp1252"/>
    <property name="java.vm.name" value="Java HotSpot(TM) 64-Bit Server VM"/>
    <property name="localRepository" value="C:\Users\12363\.m2\repository"/>
    <property name="java.vendor.url.bug" value="https://bugreport.java.com/bugreport/"/>
    <property name="java.io.tmpdir" value="C:\Users\12363\AppData\Local\Temp\"/>
    <property name="java.version" value="17.0.6"/>
    <property name="user.dir" value="C:\Users\12363\eclipse-workspace\HEROKUAPP"/>
    <property name="os.arch" value="amd64"/>
    <property name="java.vm.specification.name" value="Java Virtual Machine Specification"/>
    <property name="sun.os.patch.level" value=""/>
    <property name="native.encoding" value="Cp1252"/>
    <property name="java.library.path" value="C:\Program Files\Java\jdk-17\bin;C:\WINDOWS\Sun\Java\bin;C:\WINDOWS\system32;C:\WINDOWS;C:\Program Files\Common Files\Oracle\Java\javapath;C:\Program Files (x86)\Common Files\Oracle\Java\javapath;C:\WINDOWS\system32;C:\WINDOWS;C:\WINDOWS\System32\Wbem;C:\WINDOWS\System32\WindowsPowerShell\v1.0\;C:\WINDOWS\System32\OpenSSH\;C:\Program Files\Maven\apache-maven-3.9.0\bin;C:\Program Files\Java\jdk-17\bin;C:\Program Files\nodejs\;C:\Program Files\Git\cmd;C:\Program Files\Amazon\AWSCLIV2\;C:\python311;C:\python311\Scripts;C:\python311\DLLs;C:\python311\Lib;C:\python311\libs;C:\Users\12363\python_workspace;;C:\Program Files\dotnet\;C:\Python_3.11.4\Scripts\;C:\Python_3.11.4\;C:\Users\12363\AppData\Local\Microsoft\WindowsApps;C:\Users\12363\AppData\Local\Programs\Microsoft VS Code\bin;C:\Program Files\Java\jdk-17\bin;C:\Users\12363\AppData\Roaming\npm;C:\Program Files\JetBrains\IntelliJ IDEA 2023.1\bin;;C:\Program Files\JetBrains\PyCharm Community Edition 2023.1.3\bin;;."/>
    <property name="java.vm.info" value="mixed mode, sharing"/>
    <property name="java.vendor" value="Oracle Corporation"/>
    <property name="java.vm.version" value="17.0.6+9-LTS-190"/>
    <property name="sun.io.unicode.encoding" value="UnicodeLittle"/>
    <property name="java.class.version" value="61.0"/>
  </properties>
  <testcase name="test_CreateBooking" classname="api.test.TestBookingFlow" time="0.532">
    <system-out><![CDATA[HTTP/1.1 200 OK
Server: Cowboy
Connection: keep-alive
X-Powered-By: Express
Content-Type: application/json; charset=utf-8
Content-Length: 27
Etag: W/"1b-aN+0KRd2HjvlQpqOGnDQXAfmLgI"
Date: Tue, 18 Jul 2023 04:09:56 GMT
Via: 1.1 vegur

{
    "token": "31abc9c55764800"
}
HTTP/1.1 200 OK
Server: Cowboy
Connection: keep-alive
X-Powered-By: Express
Content-Type: application/json; charset=utf-8
Content-Length: 198
Etag: W/"c6-XmJDJId6bWUyWtFPM+Dyb0pfkXI"
Date: Tue, 18 Jul 2023 04:09:58 GMT
Via: 1.1 vegur

{
    "bookingid": 351,
    "booking": {
        "firstname": "Joseph",
        "lastname": "Muller",
        "totalprice": 1053,
        "depositpaid": false,
        "bookingdates": {
            "checkin": "2023-07-22",
            "checkout": "2023-07-19"
        },
        "additionalneeds": "Lunch"
    }
}
]]></system-out>
  </testcase>
  <testcase name="test_GetBooking" classname="api.test.TestBookingFlow" time="0.541">
    <system-out><![CDATA[HTTP/1.1 200 OK
Server: Cowboy
Connection: keep-alive
X-Powered-By: Express
Content-Type: application/json; charset=utf-8
Content-Length: 170
Etag: W/"aa-B6qcztN9ohH3LOE27+vRh46bzOQ"
Date: Tue, 18 Jul 2023 04:09:59 GMT
Via: 1.1 vegur

{
    "firstname": "Joseph",
    "lastname": "Muller",
    "totalprice": 1053,
    "depositpaid": false,
    "bookingdates": {
        "checkin": "2023-07-22",
        "checkout": "2023-07-19"
    },
    "additionalneeds": "Lunch"
}
]]></system-out>
  </testcase>
  <testcase name="test_PartialUpdateBooking" classname="api.test.TestBookingFlow" time="0.452">
    <system-out><![CDATA[HTTP/1.1 200 OK
Server: Cowboy
Connection: keep-alive
X-Powered-By: Express
Content-Type: application/json; charset=utf-8
Content-Length: 168
Etag: W/"a8-+EjqxY/M8OOoUTMnlmbszwnXHVM"
Date: Tue, 18 Jul 2023 04:09:59 GMT
Via: 1.1 vegur

{
    "firstname": "Bob",
    "lastname": "Smith",
    "totalprice": 111,
    "depositpaid": true,
    "bookingdates": {
        "checkin": "2018-01-01",
        "checkout": "2019-01-01"
    },
    "additionalneeds": "Breakfast"
}
]]></system-out>
  </testcase>
  <testcase name="test_DeleteBooking" classname="api.test.TestBookingFlow" time="0.419">
    <system-out><![CDATA[HTTP/1.1 201 Created
Server: Cowboy
Connection: keep-alive
X-Powered-By: Express
Content-Type: text/plain; charset=utf-8
Content-Length: 7
Etag: W/"7-rM9AyJuqT6iOan/xHh+AW+7K/T8"
Date: Tue, 18 Jul 2023 04:09:59 GMT
Via: 1.1 vegur

Created
]]></system-out>
  </testcase>
</testsuite>