<?xml version="1.0" encoding="UTF-8"?>
<!-- Generated by org.testng.reporters.JUnitReportReporter -->
<testsuite hostname="Pawan" failures="0" tests="5" name="HEROKUAPP.HEROKUAPPTestCase.BookingLifeCycle" time="2.966" errors="0" timestamp="2023-07-10T17:17:48 PDT" skipped="0">
  <testcase classname="HEROKUAPP.HEROKUAPPTestCase.BookingLifeCycle" name="createBooking" time="1.039"/>
  <system-out/>
  <testcase classname="HEROKUAPP.HEROKUAPPTestCase.BookingLifeCycle" name="getBookingDetails" time="0.571"/>
  <system-out/>
  <testcase classname="HEROKUAPP.HEROKUAPPTestCase.BookingLifeCycle" name="updateBooking" time="0.468"/>
  <system-out/>
  <testcase classname="HEROKUAPP.HEROKUAPPTestCase.BookingLifeCycle" name="partialUpdateBooking" time="0.438"/>
  <system-out/>
  <testcase classname="HEROKUAPP.HEROKUAPPTestCase.BookingLifeCycle" name="deleteBooking" time="0.450"/>
  <system-out/>
</testsuite> <!-- HEROKUAPP.HEROKUAPPTestCase.BookingLifeCycle -->
