<?xml version="1.0" encoding="UTF-8"?>
<!-- Generated by org.testng.reporters.JUnitReportReporter -->
<testsuite hostname="Pawan" failures="0" tests="4" name="api.test.TestBookingFlow" time="1.899" errors="0" timestamp="2023-07-17T16:24:18 PDT" skipped="0">
  <testcase classname="api.test.TestBookingFlow" name="test_CreateBooking" time="0.490"/>
  <system-out/>
  <testcase classname="api.test.TestBookingFlow" name="test_GetBooking" time="0.497"/>
  <system-out/>
  <testcase classname="api.test.TestBookingFlow" name="test_PartialUpdateBooking" time="0.464"/>
  <system-out/>
  <testcase classname="api.test.TestBookingFlow" name="test_DeleteBooking" time="0.448"/>
  <system-out/>
</testsuite> <!-- api.test.TestBookingFlow -->
