<?xml version="1.0" encoding="UTF-8"?>
<!-- Generated by org.testng.reporters.JUnitReportReporter -->
<testsuite hostname="Pawan" failures="0" tests="4" name="api.test.TestBookingFlow" time="1.922" errors="0" timestamp="2023-07-17T14:14:53 PDT" skipped="0">
  <testcase classname="api.test.TestBookingFlow" name="test_CreateBooking" time="0.519"/>
  <system-out/>
  <testcase classname="api.test.TestBookingFlow" name="test_GetBooking" time="0.488"/>
  <system-out/>
  <testcase classname="api.test.TestBookingFlow" name="test_PartialUpdateBooking" time="0.471"/>
  <system-out/>
  <testcase classname="api.test.TestBookingFlow" name="test_DeleteBooking" time="0.444"/>
  <system-out/>
</testsuite> <!-- api.test.TestBookingFlow -->
