<?xml version="1.0" encoding="UTF-8"?>
<!-- Generated by org.testng.reporters.JUnitReportReporter -->
<testsuite hostname="Pawan" failures="0" tests="4" name="api.test.TestBookingFlow" time="1.926" errors="0" timestamp="2023-07-17T21:10:00 PDT" skipped="0">
  <testcase classname="api.test.TestBookingFlow" name="test_CreateBooking" time="0.518"/>
  <system-out/>
  <testcase classname="api.test.TestBookingFlow" name="test_GetBooking" time="0.541"/>
  <system-out/>
  <testcase classname="api.test.TestBookingFlow" name="test_PartialUpdateBooking" time="0.448"/>
  <system-out/>
  <testcase classname="api.test.TestBookingFlow" name="test_DeleteBooking" time="0.419"/>
  <system-out/>
</testsuite> <!-- api.test.TestBookingFlow -->
